/net/projects2/dnd_shared/chloe/sum25_pyei/.venv/lib/python3.10/site-packages/numba/core/decorators.py:246: RuntimeWarning: nopython is set for njit and is ignored
  warnings.warn('nopython is set for njit and is ignored', RuntimeWarning)
Traceback (most recent call last):
  File "/net/projects2/dnd_shared/chloe/sum25_pyei/run_ei_cli.py", line 181, in <module>
    main()
  File "/net/projects2/dnd_shared/chloe/sum25_pyei/.venv/lib/python3.10/site-packages/click/core.py", line 1442, in __call__
    return self.main(*args, **kwargs)
  File "/net/projects2/dnd_shared/chloe/sum25_pyei/.venv/lib/python3.10/site-packages/click/core.py", line 1363, in main
    rv = self.invoke(ctx)
  File "/net/projects2/dnd_shared/chloe/sum25_pyei/.venv/lib/python3.10/site-packages/click/core.py", line 1226, in invoke
    return ctx.invoke(self.callback, **ctx.params)
  File "/net/projects2/dnd_shared/chloe/sum25_pyei/.venv/lib/python3.10/site-packages/click/core.py", line 794, in invoke
    return callback(*args, **kwargs)
  File "/net/projects2/dnd_shared/chloe/sum25_pyei/run_ei_cli.py", line 94, in main
    model, goodmans = run_ei(
  File "/net/projects2/dnd_shared/chloe/sum25_pyei/run_ei_cli.py", line 42, in run_ei
    group_fraction_matrix = e_df[group_fraction_column_names].to_numpy().squeeze()
  File "/net/projects2/dnd_shared/chloe/sum25_pyei/.venv/lib/python3.10/site-packages/pandas/core/frame.py", line 4113, in __getitem__
    indexer = self.columns._get_indexer_strict(key, "columns")[1]
  File "/net/projects2/dnd_shared/chloe/sum25_pyei/.venv/lib/python3.10/site-packages/pandas/core/indexes/base.py", line 6212, in _get_indexer_strict
    self._raise_if_missing(keyarr, indexer, axis_name)
  File "/net/projects2/dnd_shared/chloe/sum25_pyei/.venv/lib/python3.10/site-packages/pandas/core/indexes/base.py", line 6264, in _raise_if_missing
    raise KeyError(f"{not_found} not in index")
KeyError: "['not_sor0_w0_b0_ACS_pct'] not in index"
