/net/projects2/dnd_shared/chloe/sum25_pyei/.venv/lib/python3.10/site-packages/numba/core/decorators.py:246: RuntimeWarning: nopython is set for njit and is ignored
  warnings.warn('nopython is set for njit and is ignored', RuntimeWarning)
WARNING:2026-02-09 11:45:33,050:jax._src.xla_bridge:794: An NVIDIA GPU may be present on this machine, but a CUDA-enabled jaxlib is not installed. Falling back to cpu.
The rhat statistic is larger than 1.01 for some parameters. This indicates problems during sampling. See https://arxiv.org/abs/1903.08008 for details
The effective sample size per chain is smaller than 100 for some parameters.  A higher number is needed for reliable rhat and ess computation. See https://arxiv.org/abs/1903.08008 for details
Initializing NUTS using jitter+adapt_diag...
Multiprocess sampling (4 chains in 4 jobs)
NUTS: [b_1, b_2, eps]
/usr/lib/python3.10/multiprocessing/popen_fork.py:66: RuntimeWarning: os.fork() was called. os.fork() is incompatible with multithreaded code, and JAX is multithreaded, so this will likely lead to a deadlock.
  self.pid = os.fork()
                                                                                
                              Step      Grad      Sampli…                       
  Progre…   Draws   Diverg…   size      evals     Speed     Elapsed   Remaini…  
 ────────────────────────────────────────────────────────────────────────────── 
  ━━━━━━━   2000    0         0.90      3         679.34    0:00:02   0:00:00   
                                                  draws/s                       
  ━━━━━━━   2000    0         0.89      3         640.30    0:00:03   0:00:00   
                                                  draws/s                       
  ━━━━━━━   2000    0         0.80      3         647.07    0:00:03   0:00:00   
                                                  draws/s                       
  ━━━━━━━   2000    0         0.78      3         567.50    0:00:03   0:00:00   
                                                  draws/s                       
                                                                                
Sampling 4 chains for 1_000 tune and 1_000 draw iterations (4_000 + 4_000 draws total) took 4 seconds.
Done!
