/net/projects2/dnd_shared/chloe/sum25_pyei/.venv/lib/python3.10/site-packages/numba/core/decorators.py:246: RuntimeWarning: nopython is set for njit and is ignored
  warnings.warn('nopython is set for njit and is ignored', RuntimeWarning)
WARNING:2026-02-09 11:53:23,205:jax._src.xla_bridge:794: An NVIDIA GPU may be present on this machine, but a CUDA-enabled jaxlib is not installed. Falling back to cpu.
The rhat statistic is larger than 1.01 for some parameters. This indicates problems during sampling. See https://arxiv.org/abs/1903.08008 for details
The effective sample size per chain is smaller than 100 for some parameters.  A higher number is needed for reliable rhat and ess computation. See https://arxiv.org/abs/1903.08008 for details
/net/projects2/dnd_shared/chloe/sum25_pyei/.venv/lib/python3.10/site-packages/pyei/goodmans_er.py:427: RuntimeWarning: divide by zero encountered in divide
  sigma=eps * pm.math.sqrt(mean_precinct_pop / precinct_pops),
Initializing NUTS using jitter+adapt_diag...
Traceback (most recent call last):
  File "/net/projects2/dnd_shared/chloe/sum25_pyei/run_ei_cli.py", line 181, in <module>
    main()
  File "/net/projects2/dnd_shared/chloe/sum25_pyei/.venv/lib/python3.10/site-packages/click/core.py", line 1442, in __call__
    return self.main(*args, **kwargs)
  File "/net/projects2/dnd_shared/chloe/sum25_pyei/.venv/lib/python3.10/site-packages/click/core.py", line 1363, in main
    rv = self.invoke(ctx)
  File "/net/projects2/dnd_shared/chloe/sum25_pyei/.venv/lib/python3.10/site-packages/click/core.py", line 1226, in invoke
    return ctx.invoke(self.callback, **ctx.params)
  File "/net/projects2/dnd_shared/chloe/sum25_pyei/.venv/lib/python3.10/site-packages/click/core.py", line 794, in invoke
    return callback(*args, **kwargs)
  File "/net/projects2/dnd_shared/chloe/sum25_pyei/run_ei_cli.py", line 94, in main
    model, goodmans = run_ei(
  File "/net/projects2/dnd_shared/chloe/sum25_pyei/run_ei_cli.py", line 80, in run_ei
    goodmans_er.fit(group_fraction_matrix,
  File "/net/projects2/dnd_shared/chloe/sum25_pyei/.venv/lib/python3.10/site-packages/pyei/goodmans_er.py", line 269, in fit
    self.sim_trace = pm.sample(
  File "/net/projects2/dnd_shared/chloe/sum25_pyei/.venv/lib/python3.10/site-packages/pymc/sampling/mcmc.py", line 825, in sample
    initial_points, step = init_nuts(
  File "/net/projects2/dnd_shared/chloe/sum25_pyei/.venv/lib/python3.10/site-packages/pymc/sampling/mcmc.py", line 1598, in init_nuts
    initial_points = _init_jitter(
  File "/net/projects2/dnd_shared/chloe/sum25_pyei/.venv/lib/python3.10/site-packages/pymc/sampling/mcmc.py", line 1479, in _init_jitter
    model.check_start_vals(point)
  File "/net/projects2/dnd_shared/chloe/sum25_pyei/.venv/lib/python3.10/site-packages/pymc/model/core.py", line 1755, in check_start_vals
    raise SamplingError(
pymc.exceptions.SamplingError: Initial evaluation of model at starting point failed!
Starting values:
{'b_1_interval__': array(0.80908684), 'b_2_interval__': array(0.17942434), 'eps_log__': array(0.05232805)}

Logp initial evaluation results:
{'b_1': np.float64(-1.55), 'b_2': np.float64(-1.39), 'eps': np.float64(-0.73), 'votes_count_obs': np.float64(-inf)}
You can call `model.debug()` for more details.
